<?xml version="1.0" encoding="UTF-8" ?>
<testsuite tests="4" failures="0" name="com.mycompany.moviemanager.PersonManagerTest" time="2.473" errors="1" skipped="0">
  <properties>
    <property name="java.runtime.name" value="Java(TM) SE Runtime Environment"/>
    <property name="sun.boot.library.path" value="D:\Programming\libs\Java\DevelopmentKit_8\jre\bin"/>
    <property name="java.vm.version" value="25.25-b02"/>
    <property name="user.country.format" value="CZ"/>
    <property name="java.vm.vendor" value="Oracle Corporation"/>
    <property name="java.vendor.url" value="http://java.oracle.com/"/>
    <property name="path.separator" value=";"/>
    <property name="guice.disable.misplaced.annotation.check" value="true"/>
    <property name="java.vm.name" value="Java HotSpot(TM) 64-Bit Server VM"/>
    <property name="file.encoding.pkg" value="sun.io"/>
    <property name="user.script" value=""/>
    <property name="user.country" value="US"/>
    <property name="sun.java.launcher" value="SUN_STANDARD"/>
    <property name="sun.os.patch.level" value=""/>
    <property name="java.vm.specification.name" value="Java Virtual Machine Specification"/>
    <property name="user.dir" value="D:\School\PV168 Java\MovieManager"/>
    <property name="java.runtime.version" value="1.8.0_25-b18"/>
    <property name="java.awt.graphicsenv" value="sun.awt.Win32GraphicsEnvironment"/>
    <property name="java.endorsed.dirs" value="D:\Programming\libs\Java\DevelopmentKit_8\jre\lib\endorsed"/>
    <property name="os.arch" value="amd64"/>
    <property name="java.io.tmpdir" value="C:\Users\LUK~1\AppData\Local\Temp\"/>
    <property name="line.separator" value="
"/>
    <property name="java.vm.specification.vendor" value="Oracle Corporation"/>
    <property name="user.variant" value=""/>
    <property name="os.name" value="Windows 8.1"/>
    <property name="maven.ext.class.path" value="D:\Programs\NetBeans\NetBeans 8.0.2\java\maven-nblib\netbeans-eventspy.jar"/>
    <property name="classworlds.conf" value="D:\Programs\NetBeans\NetBeans 8.0.2\java\maven\bin\m2.conf"/>
    <property name="sun.jnu.encoding" value="Cp1252"/>
    <property name="java.library.path" value="D:\Programming\libs\Java\DevelopmentKit_8\bin;C:\windows\Sun\Java\bin;C:\windows\system32;C:\windows;C:\ProgramData\Oracle\Java\javapath;D:\Programs\EasyPHP-DevServer-14.1VC11\binaries\php\php_runningversion;C:\Program Files (x86)\EasyPHP-DevServer-14.1VC11\binaries\php\php_runningversion;C:\Program Files (x86)\Intel\iCLS Client\;C:\Program Files\Intel\iCLS Client\;C:\Program Files (x86)\NVIDIA Corporation\PhysX\Common;C:\windows\system32;C:\windows;C:\windows\System32\Wbem;C:\windows\System32\WindowsPowerShell\v1.0\;C:\Program Files\Intel\Intel(R) Management Engine Components\DAL;C:\Program Files\Intel\Intel(R) Management Engine Components\IPT;C:\Program Files (x86)\Intel\Intel(R) Management Engine Components\DAL;C:\Program Files (x86)\Intel\Intel(R) Management Engine Components\IPT;C:\Program Files\Intel\WiFi\bin\;C:\Program Files\Common Files\Intel\WirelessCommon\;D:\Programs\Calibre\;C:\Program Files (x86)\Calibre2\;."/>
    <property name="java.specification.name" value="Java Platform API Specification"/>
    <property name="java.class.version" value="52.0"/>
    <property name="sun.management.compiler" value="HotSpot 64-Bit Tiered Compilers"/>
    <property name="os.version" value="6.3"/>
    <property name="user.home" value="C:\Users\Luk치코"/>
    <property name="user.timezone" value="Europe/Belgrade"/>
    <property name="java.awt.printerjob" value="sun.awt.windows.WPrinterJob"/>
    <property name="java.specification.version" value="1.8"/>
    <property name="file.encoding" value="UTF-8"/>
    <property name="user.name" value="Luk치코"/>
    <property name="java.class.path" value="D:\Programs\NetBeans\NetBeans 8.0.2\java\maven\boot\plexus-classworlds-2.4.jar"/>
    <property name="java.vm.specification.version" value="1.8"/>
    <property name="sun.arch.data.model" value="64"/>
    <property name="java.home" value="D:\Programming\libs\Java\DevelopmentKit_8\jre"/>
    <property name="sun.java.command" value="org.codehaus.plexus.classworlds.launcher.Launcher -Dmaven.ext.class.path=D:\Programs\NetBeans\NetBeans 8.0.2\java\maven-nblib\netbeans-eventspy.jar -Dfile.encoding=UTF-8 test"/>
    <property name="java.specification.vendor" value="Oracle Corporation"/>
    <property name="user.language" value="en"/>
    <property name="user.language.format" value="cs"/>
    <property name="awt.toolkit" value="sun.awt.windows.WToolkit"/>
    <property name="java.vm.info" value="mixed mode"/>
    <property name="java.version" value="1.8.0_25"/>
    <property name="java.ext.dirs" value="D:\Programming\libs\Java\DevelopmentKit_8\jre\lib\ext;C:\windows\Sun\Java\lib\ext"/>
    <property name="sun.boot.class.path" value="D:\Programming\libs\Java\DevelopmentKit_8\jre\lib\resources.jar;D:\Programming\libs\Java\DevelopmentKit_8\jre\lib\rt.jar;D:\Programming\libs\Java\DevelopmentKit_8\jre\lib\sunrsasign.jar;D:\Programming\libs\Java\DevelopmentKit_8\jre\lib\jsse.jar;D:\Programming\libs\Java\DevelopmentKit_8\jre\lib\jce.jar;D:\Programming\libs\Java\DevelopmentKit_8\jre\lib\charsets.jar;D:\Programming\libs\Java\DevelopmentKit_8\jre\lib\jfr.jar;D:\Programming\libs\Java\DevelopmentKit_8\jre\classes"/>
    <property name="java.vendor" value="Oracle Corporation"/>
    <property name="maven.home" value="D:\Programs\NetBeans\NetBeans 8.0.2\java\maven"/>
    <property name="file.separator" value="\"/>
    <property name="java.vendor.url.bug" value="http://bugreport.sun.com/bugreport/"/>
    <property name="sun.cpu.endian" value="little"/>
    <property name="sun.io.unicode.encoding" value="UnicodeLittle"/>
    <property name="sun.desktop" value="windows"/>
    <property name="sun.cpu.isalist" value="amd64"/>
  </properties>
  <testcase classname="com.mycompany.moviemanager.PersonManagerTest" name="testFindPersonWithID" time="0.873"/>
  <testcase classname="com.mycompany.moviemanager.PersonManagerTest" name="testAddPerson" time="0.146"/>
  <testcase classname="com.mycompany.moviemanager.PersonManagerTest" name="testUpdatePerson" time="1.355">
    <error message="PreparedStatementCallback; bad SQL grammar [UPDATE persons SET name=?, birthday=? WHERE id=?]; nested exception is java.sql.SQLException: At least one parameter to the current statement is uninitialized." type="org.springframework.jdbc.BadSqlGrammarException">org.springframework.jdbc.BadSqlGrammarException: PreparedStatementCallback; bad SQL grammar [UPDATE persons SET name=?, birthday=? WHERE id=?]; nested exception is java.sql.SQLException: At least one parameter to the current statement is uninitialized.
	at org.springframework.jdbc.support.SQLStateSQLExceptionTranslator.doTranslate(SQLStateSQLExceptionTranslator.java:99)
	at org.springframework.jdbc.support.AbstractFallbackSQLExceptionTranslator.translate(AbstractFallbackSQLExceptionTranslator.java:73)
	at org.springframework.jdbc.support.AbstractFallbackSQLExceptionTranslator.translate(AbstractFallbackSQLExceptionTranslator.java:81)
	at org.springframework.jdbc.support.AbstractFallbackSQLExceptionTranslator.translate(AbstractFallbackSQLExceptionTranslator.java:81)
	at org.springframework.jdbc.core.JdbcTemplate.execute(JdbcTemplate.java:660)
	at org.springframework.jdbc.core.JdbcTemplate.update(JdbcTemplate.java:909)
	at org.springframework.jdbc.core.JdbcTemplate.update(JdbcTemplate.java:970)
	at org.springframework.jdbc.core.JdbcTemplate.update(JdbcTemplate.java:980)
	at com.mycompany.moviemanager.PersonManagerImpl.updatePerson(PersonManagerImpl.java:114)
	at com.mycompany.moviemanager.PersonManagerTest.testUpdatePerson(PersonManagerTest.java:138)
	at sun.reflect.NativeMethodAccessorImpl.invoke0(Native Method)
	at sun.reflect.NativeMethodAccessorImpl.invoke(NativeMethodAccessorImpl.java:62)
	at sun.reflect.DelegatingMethodAccessorImpl.invoke(DelegatingMethodAccessorImpl.java:43)
	at java.lang.reflect.Method.invoke(Method.java:483)
	at org.junit.runners.model.FrameworkMethod$1.runReflectiveCall(FrameworkMethod.java:45)
	at org.junit.internal.runners.model.ReflectiveCallable.run(ReflectiveCallable.java:15)
	at org.junit.runners.model.FrameworkMethod.invokeExplosively(FrameworkMethod.java:42)
	at org.junit.internal.runners.statements.InvokeMethod.evaluate(InvokeMethod.java:20)
	at org.junit.internal.runners.statements.RunBefores.evaluate(RunBefores.java:28)
	at org.junit.runners.ParentRunner.runLeaf(ParentRunner.java:263)
	at org.junit.runners.BlockJUnit4ClassRunner.runChild(BlockJUnit4ClassRunner.java:68)
	at org.junit.runners.BlockJUnit4ClassRunner.runChild(BlockJUnit4ClassRunner.java:47)
	at org.junit.runners.ParentRunner$3.run(ParentRunner.java:231)
	at org.junit.runners.ParentRunner$1.schedule(ParentRunner.java:60)
	at org.junit.runners.ParentRunner.runChildren(ParentRunner.java:229)
	at org.junit.runners.ParentRunner.access$000(ParentRunner.java:50)
	at org.junit.runners.ParentRunner$2.evaluate(ParentRunner.java:222)
	at org.junit.runners.ParentRunner.run(ParentRunner.java:300)
	at org.apache.maven.surefire.junit4.JUnit4TestSet.execute(JUnit4TestSet.java:53)
	at org.apache.maven.surefire.junit4.JUnit4Provider.executeTestSet(JUnit4Provider.java:123)
	at org.apache.maven.surefire.junit4.JUnit4Provider.invoke(JUnit4Provider.java:104)
	at sun.reflect.NativeMethodAccessorImpl.invoke0(Native Method)
	at sun.reflect.NativeMethodAccessorImpl.invoke(NativeMethodAccessorImpl.java:62)
	at sun.reflect.DelegatingMethodAccessorImpl.invoke(DelegatingMethodAccessorImpl.java:43)
	at java.lang.reflect.Method.invoke(Method.java:483)
	at org.apache.maven.surefire.util.ReflectionUtils.invokeMethodWithArray(ReflectionUtils.java:164)
	at org.apache.maven.surefire.booter.ProviderFactory$ProviderProxy.invoke(ProviderFactory.java:110)
	at org.apache.maven.surefire.booter.SurefireStarter.invokeProvider(SurefireStarter.java:175)
	at org.apache.maven.surefire.booter.SurefireStarter.runSuitesInProcessWhenForked(SurefireStarter.java:107)
	at org.apache.maven.surefire.booter.ForkedBooter.main(ForkedBooter.java:68)
Caused by: java.sql.SQLException: At least one parameter to the current statement is uninitialized.
	at org.apache.derby.impl.jdbc.SQLExceptionFactory.getSQLException(Unknown Source)
	at org.apache.derby.impl.jdbc.Util.generateCsSQLException(Unknown Source)
	at org.apache.derby.impl.jdbc.TransactionResourceImpl.wrapInSQLException(Unknown Source)
	at org.apache.derby.impl.jdbc.TransactionResourceImpl.handleException(Unknown Source)
	at org.apache.derby.impl.jdbc.EmbedConnection.handleException(Unknown Source)
	at org.apache.derby.impl.jdbc.ConnectionChild.handleException(Unknown Source)
	at org.apache.derby.impl.jdbc.EmbedStatement.executeStatement(Unknown Source)
	at org.apache.derby.impl.jdbc.EmbedPreparedStatement.executeStatement(Unknown Source)
	at org.apache.derby.impl.jdbc.EmbedPreparedStatement.executeLargeUpdate(Unknown Source)
	at org.apache.derby.impl.jdbc.EmbedPreparedStatement.executeUpdate(Unknown Source)
	at org.apache.commons.dbcp2.DelegatingPreparedStatement.executeUpdate(DelegatingPreparedStatement.java:98)
	at org.apache.commons.dbcp2.DelegatingPreparedStatement.executeUpdate(DelegatingPreparedStatement.java:98)
	at org.springframework.jdbc.core.JdbcTemplate$2.doInPreparedStatement(JdbcTemplate.java:916)
	at org.springframework.jdbc.core.JdbcTemplate$2.doInPreparedStatement(JdbcTemplate.java:909)
	at org.springframework.jdbc.core.JdbcTemplate.execute(JdbcTemplate.java:644)
	... 35 more
Caused by: ERROR 07000: At least one parameter to the current statement is uninitialized.
	at org.apache.derby.iapi.error.StandardException.newException(Unknown Source)
	at org.apache.derby.iapi.error.StandardException.newException(Unknown Source)
	at org.apache.derby.impl.sql.execute.BaseActivation.throwIfMissingParms(Unknown Source)
	at org.apache.derby.exe.acb31480ecx014cx5d6dx2733x0000065475c80.reinit(Unknown Source)
	at org.apache.derby.impl.sql.execute.BaseActivation.execute(Unknown Source)
	at org.apache.derby.impl.sql.GenericActivationHolder.execute(Unknown Source)
	at org.apache.derby.impl.sql.GenericPreparedStatement.executeStmt(Unknown Source)
	at org.apache.derby.impl.sql.GenericPreparedStatement.execute(Unknown Source)
	... 44 more
</error>
    <system-out>Testing updating person...
23:49:40.449 [main] DEBUG c.m.moviemanager.PersonManagerImpl - addPerson(com.mycompany.moviemanager.Person@2a7)
23:49:40.450 [main] DEBUG o.s.j.core.simple.SimpleJdbcInsert - JdbcInsert not compiled before execution - invoking compile
23:49:40.467 [main] DEBUG o.s.jdbc.datasource.DataSourceUtils - Fetching JDBC Connection from DataSource
23:49:40.469 [main] DEBUG o.s.j.c.m.TableMetaDataProviderFactory - Using DerbyTableMetaDataProvider
23:49:40.471 [main] DEBUG o.s.j.c.m.TableMetaDataProvider - GetGeneratedKeys is not supported
23:49:40.471 [main] DEBUG o.s.j.c.m.TableMetaDataProvider - GeneratedKeysColumnNameArray is not supported for Apache Derby
23:49:40.472 [main] WARN  o.s.j.c.m.TableMetaDataProvider - Overriding supportsGetGeneratedKeys from DatabaseMetaData to &apos;true&apos;; it was reported as &apos;false&apos; by Apache Derby Embedded JDBC Driver 10.11.1.1 - (1616546)
23:49:40.516 [main] DEBUG o.s.j.c.m.TableMetaDataProvider - Retrieving metadata for /ADMINISTRATOR/PERSONS
23:49:40.644 [main] DEBUG o.s.j.c.m.TableMetaDataProvider - Retrieved metadata: ID 4 false
23:49:40.644 [main] DEBUG o.s.j.c.m.TableMetaDataProvider - Retrieved metadata: NAME 12 false
23:49:40.652 [main] DEBUG o.s.j.c.m.TableMetaDataProvider - Retrieved metadata: BIRTHDAY 12 true
23:49:40.653 [main] DEBUG o.s.jdbc.datasource.DataSourceUtils - Returning JDBC Connection to DataSource
23:49:40.655 [main] DEBUG o.s.j.core.simple.SimpleJdbcInsert - Compiled insert object: insert string is [INSERT INTO persons (NAME, BIRTHDAY) VALUES(?, ?)]
23:49:40.655 [main] DEBUG o.s.j.core.simple.SimpleJdbcInsert - JdbcInsert for table [persons] compiled
23:49:40.656 [main] DEBUG o.s.j.core.simple.SimpleJdbcInsert - The following parameters are used for call INSERT INTO persons (NAME, BIRTHDAY) VALUES(?, ?) with: [James T. Kirk (Update), 1956 ?칤j 19]
23:49:40.660 [main] DEBUG o.s.jdbc.core.JdbcTemplate - Executing SQL update and returning generated keys
23:49:40.661 [main] DEBUG o.s.jdbc.core.JdbcTemplate - Executing prepared SQL statement
23:49:40.662 [main] DEBUG o.s.jdbc.datasource.DataSourceUtils - Fetching JDBC Connection from DataSource
23:49:40.664 [main] DEBUG o.s.j.core.simple.SimpleJdbcInsert - Using generated keys support with Statement.RETURN_GENERATED_KEYS.
23:49:40.668 [main] DEBUG o.s.jdbc.core.JdbcTemplate - SQL update affected 1 rows and returned 1 keys
23:49:40.669 [main] DEBUG o.s.jdbc.datasource.DataSourceUtils - Returning JDBC Connection to DataSource
ID 3
3
23:49:40.670 [main] DEBUG c.m.moviemanager.PersonManagerImpl - findPerson(3)
23:49:40.670 [main] DEBUG o.s.jdbc.core.JdbcTemplate - Executing prepared SQL query
23:49:40.670 [main] DEBUG o.s.jdbc.core.JdbcTemplate - Executing prepared SQL statement [SELECT * FROM persons WHERE id= ?]
23:49:40.670 [main] DEBUG o.s.jdbc.datasource.DataSourceUtils - Fetching JDBC Connection from DataSource
23:49:40.672 [main] DEBUG o.s.jdbc.datasource.DataSourceUtils - Returning JDBC Connection to DataSource
23:49:40.672 [main] DEBUG c.m.moviemanager.PersonManagerImpl - updatePerson(com.mycompany.moviemanager.Person@2aa)
3
James Tiberius Kirk
1956 ?칤j 19
23:49:40.673 [main] DEBUG c.m.moviemanager.PersonManagerImpl - findPerson(3)
23:49:40.673 [main] DEBUG o.s.jdbc.core.JdbcTemplate - Executing prepared SQL query
23:49:40.674 [main] DEBUG o.s.jdbc.core.JdbcTemplate - Executing prepared SQL statement [SELECT * FROM persons WHERE id= ?]
23:49:40.674 [main] DEBUG o.s.jdbc.datasource.DataSourceUtils - Fetching JDBC Connection from DataSource
23:49:40.677 [main] DEBUG o.s.jdbc.datasource.DataSourceUtils - Returning JDBC Connection to DataSource
3
23:49:40.677 [main] DEBUG o.s.jdbc.core.JdbcTemplate - Executing prepared SQL update
23:49:40.677 [main] DEBUG o.s.jdbc.core.JdbcTemplate - Executing prepared SQL statement [UPDATE persons SET name=?, birthday=? WHERE id=?]
23:49:40.678 [main] DEBUG o.s.jdbc.datasource.DataSourceUtils - Fetching JDBC Connection from DataSource
23:49:40.693 [main] DEBUG o.s.jdbc.datasource.DataSourceUtils - Returning JDBC Connection to DataSource
23:49:41.035 [main] DEBUG o.s.core.env.StandardEnvironment - Adding [systemProperties] PropertySource with lowest search precedence
23:49:41.038 [main] DEBUG o.s.core.env.StandardEnvironment - Adding [systemEnvironment] PropertySource with lowest search precedence
23:49:41.039 [main] DEBUG o.s.core.env.StandardEnvironment - Initialized StandardEnvironment with PropertySources [systemProperties,systemEnvironment]
23:49:41.077 [main] INFO  o.s.b.f.xml.XmlBeanDefinitionReader - Loading XML bean definitions from class path resource [org/springframework/jdbc/support/sql-error-codes.xml]
23:49:41.095 [main] DEBUG o.s.b.f.xml.DefaultDocumentLoader - Using JAXP provider [com.sun.org.apache.xerces.internal.jaxp.DocumentBuilderFactoryImpl]
23:49:41.303 [main] DEBUG o.s.b.factory.xml.BeansDtdResolver - Found beans DTD [http://www.springframework.org/dtd/spring-beans-2.0.dtd] in classpath: spring-beans-2.0.dtd
23:49:41.382 [main] DEBUG o.s.b.f.x.DefaultBeanDefinitionDocumentReader - Loading bean definitions
23:49:41.483 [main] DEBUG o.s.b.f.s.DefaultListableBeanFactory - Creating shared instance of singleton bean &apos;DB2&apos;
23:49:41.484 [main] DEBUG o.s.b.f.s.DefaultListableBeanFactory - Creating instance of bean &apos;DB2&apos;
23:49:41.500 [main] DEBUG o.s.b.f.s.DefaultListableBeanFactory - Eagerly caching bean &apos;DB2&apos; to allow for resolving potential circular references
23:49:41.654 [main] DEBUG o.s.b.f.s.DefaultListableBeanFactory - Finished creating instance of bean &apos;DB2&apos;
23:49:41.655 [main] DEBUG o.s.b.f.s.DefaultListableBeanFactory - Creating shared instance of singleton bean &apos;Derby&apos;
23:49:41.655 [main] DEBUG o.s.b.f.s.DefaultListableBeanFactory - Creating instance of bean &apos;Derby&apos;
23:49:41.656 [main] DEBUG o.s.b.f.s.DefaultListableBeanFactory - Eagerly caching bean &apos;Derby&apos; to allow for resolving potential circular references
23:49:41.658 [main] DEBUG o.s.b.f.s.DefaultListableBeanFactory - Finished creating instance of bean &apos;Derby&apos;
23:49:41.659 [main] DEBUG o.s.b.f.s.DefaultListableBeanFactory - Creating shared instance of singleton bean &apos;H2&apos;
23:49:41.659 [main] DEBUG o.s.b.f.s.DefaultListableBeanFactory - Creating instance of bean &apos;H2&apos;
23:49:41.659 [main] DEBUG o.s.b.f.s.DefaultListableBeanFactory - Eagerly caching bean &apos;H2&apos; to allow for resolving potential circular references
23:49:41.661 [main] DEBUG o.s.b.f.s.DefaultListableBeanFactory - Finished creating instance of bean &apos;H2&apos;
23:49:41.661 [main] DEBUG o.s.b.f.s.DefaultListableBeanFactory - Creating shared instance of singleton bean &apos;HSQL&apos;
23:49:41.661 [main] DEBUG o.s.b.f.s.DefaultListableBeanFactory - Creating instance of bean &apos;HSQL&apos;
23:49:41.661 [main] DEBUG o.s.b.f.s.DefaultListableBeanFactory - Eagerly caching bean &apos;HSQL&apos; to allow for resolving potential circular references
23:49:41.663 [main] DEBUG o.s.b.f.s.DefaultListableBeanFactory - Finished creating instance of bean &apos;HSQL&apos;
23:49:41.664 [main] DEBUG o.s.b.f.s.DefaultListableBeanFactory - Creating shared instance of singleton bean &apos;Informix&apos;
23:49:41.664 [main] DEBUG o.s.b.f.s.DefaultListableBeanFactory - Creating instance of bean &apos;Informix&apos;
23:49:41.664 [main] DEBUG o.s.b.f.s.DefaultListableBeanFactory - Eagerly caching bean &apos;Informix&apos; to allow for resolving potential circular references
23:49:41.665 [main] DEBUG o.s.b.f.s.DefaultListableBeanFactory - Finished creating instance of bean &apos;Informix&apos;
23:49:41.665 [main] DEBUG o.s.b.f.s.DefaultListableBeanFactory - Creating shared instance of singleton bean &apos;MS-SQL&apos;
23:49:41.669 [main] DEBUG o.s.b.f.s.DefaultListableBeanFactory - Creating instance of bean &apos;MS-SQL&apos;
23:49:41.669 [main] DEBUG o.s.b.f.s.DefaultListableBeanFactory - Eagerly caching bean &apos;MS-SQL&apos; to allow for resolving potential circular references
23:49:41.698 [main] DEBUG o.s.b.f.s.DefaultListableBeanFactory - Finished creating instance of bean &apos;MS-SQL&apos;
23:49:41.701 [main] DEBUG o.s.b.f.s.DefaultListableBeanFactory - Creating shared instance of singleton bean &apos;MySQL&apos;
23:49:41.703 [main] DEBUG o.s.b.f.s.DefaultListableBeanFactory - Creating instance of bean &apos;MySQL&apos;
23:49:41.703 [main] DEBUG o.s.b.f.s.DefaultListableBeanFactory - Eagerly caching bean &apos;MySQL&apos; to allow for resolving potential circular references
23:49:41.704 [main] DEBUG o.s.b.f.s.DefaultListableBeanFactory - Finished creating instance of bean &apos;MySQL&apos;
23:49:41.705 [main] DEBUG o.s.b.f.s.DefaultListableBeanFactory - Creating shared instance of singleton bean &apos;Oracle&apos;
23:49:41.706 [main] DEBUG o.s.b.f.s.DefaultListableBeanFactory - Creating instance of bean &apos;Oracle&apos;
23:49:41.706 [main] DEBUG o.s.b.f.s.DefaultListableBeanFactory - Eagerly caching bean &apos;Oracle&apos; to allow for resolving potential circular references
23:49:41.710 [main] DEBUG o.s.b.f.s.DefaultListableBeanFactory - Finished creating instance of bean &apos;Oracle&apos;
23:49:41.712 [main] DEBUG o.s.b.f.s.DefaultListableBeanFactory - Creating shared instance of singleton bean &apos;PostgreSQL&apos;
23:49:41.713 [main] DEBUG o.s.b.f.s.DefaultListableBeanFactory - Creating instance of bean &apos;PostgreSQL&apos;
23:49:41.715 [main] DEBUG o.s.b.f.s.DefaultListableBeanFactory - Eagerly caching bean &apos;PostgreSQL&apos; to allow for resolving potential circular references
23:49:41.720 [main] DEBUG o.s.b.f.s.DefaultListableBeanFactory - Finished creating instance of bean &apos;PostgreSQL&apos;
23:49:41.723 [main] DEBUG o.s.b.f.s.DefaultListableBeanFactory - Creating shared instance of singleton bean &apos;Sybase&apos;
23:49:41.725 [main] DEBUG o.s.b.f.s.DefaultListableBeanFactory - Creating instance of bean &apos;Sybase&apos;
23:49:41.726 [main] DEBUG o.s.b.f.s.DefaultListableBeanFactory - Eagerly caching bean &apos;Sybase&apos; to allow for resolving potential circular references
23:49:41.734 [main] DEBUG o.s.b.f.s.DefaultListableBeanFactory - Finished creating instance of bean &apos;Sybase&apos;
23:49:41.736 [main] DEBUG o.s.b.f.s.DefaultListableBeanFactory - Creating shared instance of singleton bean &apos;Hana&apos;
23:49:41.737 [main] DEBUG o.s.b.f.s.DefaultListableBeanFactory - Creating instance of bean &apos;Hana&apos;
23:49:41.737 [main] DEBUG o.s.b.f.s.DefaultListableBeanFactory - Eagerly caching bean &apos;Hana&apos; to allow for resolving potential circular references
23:49:41.741 [main] DEBUG o.s.b.f.s.DefaultListableBeanFactory - Finished creating instance of bean &apos;Hana&apos;
23:49:41.742 [main] INFO  o.s.j.support.SQLErrorCodesFactory - SQLErrorCodes loaded: [DB2, Derby, H2, HSQL, Informix, MS-SQL, MySQL, Oracle, PostgreSQL, Sybase, Hana]
23:49:41.743 [main] DEBUG o.s.j.support.SQLErrorCodesFactory - Looking up default SQLErrorCodes for DataSource [org.apache.commons.dbcp2.BasicDataSource@906d29b]
23:49:41.744 [main] DEBUG o.s.jdbc.datasource.DataSourceUtils - Fetching JDBC Connection from DataSource
23:49:41.746 [main] DEBUG o.s.jdbc.datasource.DataSourceUtils - Returning JDBC Connection to DataSource
23:49:41.750 [main] DEBUG o.s.j.support.SQLErrorCodesFactory - Database product name cached for DataSource [org.apache.commons.dbcp2.BasicDataSource@906d29b]: name is &apos;Apache Derby&apos;
23:49:41.756 [main] DEBUG o.s.j.support.SQLErrorCodesFactory - SQL error codes for &apos;Apache Derby&apos; found
23:49:41.757 [main] DEBUG o.s.j.s.SQLErrorCodeSQLExceptionTranslator - Unable to translate SQLException with SQL state &apos;07000&apos;, error code &apos;30000, will now try the fallback translator
23:49:41.758 [main] DEBUG o.s.j.s.SQLStateSQLExceptionTranslator - Extracted SQL state class &apos;07&apos; from value &apos;07000&apos;
</system-out>
  </testcase>
  <testcase classname="com.mycompany.moviemanager.PersonManagerTest" name="testRemovePerson" time="0.094"/>
</testsuite>